<?xml version="1.0" encoding="UTF-8"?>
<coverage generated="1653569307473" clover="3.2.0">
  <project timestamp="1653569307474" name="All files">
    <metrics statements="44" coveredstatements="38" conditionals="27" coveredconditionals="19" methods="39" coveredmethods="33" elements="110" coveredelements="90" complexity="0" loc="44" ncloc="44" packages="3" files="25" classes="25"/>
    <package name="src">
      <metrics statements="1" coveredstatements="1" conditionals="0" coveredconditionals="0" methods="1" coveredmethods="1"/>
      <file name="App.vue" path="/home/baliuk/shop-vue/src/App.vue">
        <metrics statements="1" coveredstatements="1" conditionals="0" coveredconditionals="0" methods="1" coveredmethods="1"/>
        <line num="1" count="6" type="stmt"/>
      </file>
    </package>
    <package name="src.components">
      <metrics statements="14" coveredstatements="14" conditionals="20" coveredconditionals="15" methods="14" coveredmethods="13"/>
      <file name="AboutProduct.vue" path="/home/baliuk/shop-vue/src/components/AboutProduct.vue">
        <metrics statements="1" coveredstatements="1" conditionals="2" coveredconditionals="2" methods="1" coveredmethods="1"/>
        <line num="1" count="15" type="cond" truecount="2" falsecount="0"/>
      </file>
      <file name="AddNewProduct.vue" path="/home/baliuk/shop-vue/src/components/AddNewProduct.vue">
        <metrics statements="1" coveredstatements="1" conditionals="0" coveredconditionals="0" methods="1" coveredmethods="1"/>
        <line num="1" count="9" type="stmt"/>
      </file>
      <file name="AdminsList.vue" path="/home/baliuk/shop-vue/src/components/AdminsList.vue">
        <metrics statements="1" coveredstatements="1" conditionals="2" coveredconditionals="2" methods="1" coveredmethods="1"/>
        <line num="1" count="23" type="cond" truecount="2" falsecount="0"/>
      </file>
      <file name="Cart.vue" path="/home/baliuk/shop-vue/src/components/Cart.vue">
        <metrics statements="1" coveredstatements="1" conditionals="2" coveredconditionals="2" methods="1" coveredmethods="1"/>
        <line num="1" count="12" type="cond" truecount="2" falsecount="0"/>
      </file>
      <file name="Catalog.vue" path="/home/baliuk/shop-vue/src/components/Catalog.vue">
        <metrics statements="1" coveredstatements="1" conditionals="2" coveredconditionals="2" methods="1" coveredmethods="1"/>
        <line num="1" count="24" type="cond" truecount="2" falsecount="0"/>
      </file>
      <file name="EditProduct.vue" path="/home/baliuk/shop-vue/src/components/EditProduct.vue">
        <metrics statements="1" coveredstatements="1" conditionals="2" coveredconditionals="2" methods="1" coveredmethods="1"/>
        <line num="1" count="9" type="cond" truecount="2" falsecount="0"/>
      </file>
      <file name="Footer.vue" path="/home/baliuk/shop-vue/src/components/Footer.vue">
        <metrics statements="2" coveredstatements="2" conditionals="0" coveredconditionals="0" methods="2" coveredmethods="2"/>
        <line num="1" count="13" type="stmt"/>
        <line num="19" count="1" type="stmt"/>
      </file>
      <file name="Header.vue" path="/home/baliuk/shop-vue/src/components/Header.vue">
        <metrics statements="1" coveredstatements="1" conditionals="2" coveredconditionals="2" methods="1" coveredmethods="1"/>
        <line num="1" count="9" type="cond" truecount="2" falsecount="0"/>
      </file>
      <file name="LoginForm.vue" path="/home/baliuk/shop-vue/src/components/LoginForm.vue">
        <metrics statements="1" coveredstatements="1" conditionals="2" coveredconditionals="1" methods="1" coveredmethods="1"/>
        <line num="1" count="6" type="cond" truecount="1" falsecount="1"/>
      </file>
      <file name="Product.vue" path="/home/baliuk/shop-vue/src/components/Product.vue">
        <metrics statements="1" coveredstatements="1" conditionals="2" coveredconditionals="0" methods="1" coveredmethods="0"/>
        <line num="1" count="3" type="cond" truecount="0" falsecount="2"/>
      </file>
      <file name="ProductsTable.vue" path="/home/baliuk/shop-vue/src/components/ProductsTable.vue">
        <metrics statements="1" coveredstatements="1" conditionals="0" coveredconditionals="0" methods="1" coveredmethods="1"/>
        <line num="1" count="35" type="stmt"/>
      </file>
      <file name="Profile.vue" path="/home/baliuk/shop-vue/src/components/Profile.vue">
        <metrics statements="1" coveredstatements="1" conditionals="2" coveredconditionals="2" methods="1" coveredmethods="1"/>
        <line num="1" count="9" type="cond" truecount="2" falsecount="0"/>
      </file>
      <file name="RegistrationForm.vue" path="/home/baliuk/shop-vue/src/components/RegistrationForm.vue">
        <metrics statements="1" coveredstatements="1" conditionals="2" coveredconditionals="0" methods="1" coveredmethods="1"/>
        <line num="1" count="6" type="cond" truecount="0" falsecount="2"/>
      </file>
    </package>
    <package name="src.components.sharedComponents">
      <metrics statements="29" coveredstatements="23" conditionals="7" coveredconditionals="4" methods="24" coveredmethods="19"/>
      <file name="AutocompleteAddress.vue" path="/home/baliuk/shop-vue/src/components/sharedComponents/AutocompleteAddress.vue">
        <metrics statements="1" coveredstatements="1" conditionals="2" coveredconditionals="1" methods="1" coveredmethods="1"/>
        <line num="1" count="9" type="cond" truecount="1" falsecount="1"/>
      </file>
      <file name="AvatarUpload.vue" path="/home/baliuk/shop-vue/src/components/sharedComponents/AvatarUpload.vue">
        <metrics statements="7" coveredstatements="5" conditionals="2" coveredconditionals="1" methods="4" coveredmethods="3"/>
        <line num="1" count="15" type="cond" truecount="1" falsecount="1"/>
        <line num="23" count="3" type="stmt"/>
        <line num="38" count="1" type="stmt"/>
        <line num="40" count="1" type="stmt"/>
        <line num="41" count="0" type="stmt"/>
        <line num="42" count="0" type="stmt"/>
        <line num="45" count="1" type="stmt"/>
      </file>
      <file name="DatePicker.vue" path="/home/baliuk/shop-vue/src/components/sharedComponents/DatePicker.vue">
        <metrics statements="4" coveredstatements="2" conditionals="0" coveredconditionals="0" methods="3" coveredmethods="2"/>
        <line num="1" count="9" type="stmt"/>
        <line num="42" count="1" type="stmt"/>
        <line num="53" count="0" type="stmt"/>
        <line num="54" count="0" type="stmt"/>
      </file>
      <file name="DialogAreYouSure.vue" path="/home/baliuk/shop-vue/src/components/sharedComponents/DialogAreYouSure.vue">
        <metrics statements="6" coveredstatements="6" conditionals="1" coveredconditionals="0" methods="5" coveredmethods="5"/>
        <line num="1" count="15" type="stmt"/>
        <line num="18" count="2" type="stmt"/>
        <line num="32" count="1" type="stmt"/>
        <line num="34" count="1" type="stmt"/>
        <line num="35" count="1" type="stmt"/>
        <line num="42" count="2" type="stmt"/>
      </file>
      <file name="DialogModal.vue" path="/home/baliuk/shop-vue/src/components/sharedComponents/DialogModal.vue">
        <metrics statements="4" coveredstatements="2" conditionals="0" coveredconditionals="0" methods="4" coveredmethods="2"/>
        <line num="1" count="15" type="stmt"/>
        <line num="32" count="0" type="stmt"/>
        <line num="39" count="2" type="stmt"/>
        <line num="42" count="0" type="stmt"/>
      </file>
      <file name="FilterForm.vue" path="/home/baliuk/shop-vue/src/components/sharedComponents/FilterForm.vue">
        <metrics statements="1" coveredstatements="1" conditionals="0" coveredconditionals="0" methods="1" coveredmethods="1"/>
        <line num="1" count="20" type="stmt"/>
      </file>
      <file name="NavBar.vue" path="/home/baliuk/shop-vue/src/components/sharedComponents/NavBar.vue">
        <metrics statements="1" coveredstatements="1" conditionals="2" coveredconditionals="2" methods="1" coveredmethods="1"/>
        <line num="1" count="12" type="cond" truecount="2" falsecount="0"/>
      </file>
      <file name="ProductForm.vue" path="/home/baliuk/shop-vue/src/components/sharedComponents/ProductForm.vue">
        <metrics statements="1" coveredstatements="1" conditionals="0" coveredconditionals="0" methods="1" coveredmethods="1"/>
        <line num="1" count="14" type="stmt"/>
      </file>
      <file name="RadioButtonsGender.vue" path="/home/baliuk/shop-vue/src/components/sharedComponents/RadioButtonsGender.vue">
        <metrics statements="2" coveredstatements="2" conditionals="0" coveredconditionals="0" methods="2" coveredmethods="2"/>
        <line num="1" count="9" type="stmt"/>
        <line num="29" count="1" type="stmt"/>
      </file>
      <file name="SearchInput.vue" path="/home/baliuk/shop-vue/src/components/sharedComponents/SearchInput.vue">
        <metrics statements="1" coveredstatements="1" conditionals="0" coveredconditionals="0" methods="1" coveredmethods="1"/>
        <line num="1" count="21" type="stmt"/>
      </file>
      <file name="UserMenu.vue" path="/home/baliuk/shop-vue/src/components/sharedComponents/UserMenu.vue">
        <metrics statements="1" coveredstatements="1" conditionals="0" coveredconditionals="0" methods="1" coveredmethods="0"/>
        <line num="1" count="6" type="stmt"/>
      </file>
    </package>
  </project>
</coverage>
