TN:
SF:src/App.vue
FN:1,(anonymous_0)
FNF:1
FNH:1
FNDA:1,(anonymous_0)
DA:1,6
LF:1
LH:1
BRF:0
BRH:0
end_of_record
TN:
SF:src/components/AboutProduct.vue
FN:1,(anonymous_0)
FNF:1
FNH:1
FNDA:4,(anonymous_0)
DA:1,15
LF:1
LH:1
BRDA:1,0,0,2
BRDA:1,0,1,2
BRF:2
BRH:2
end_of_record
TN:
SF:src/components/AddNewProduct.vue
FN:1,(anonymous_0)
FNF:1
FNH:1
FNDA:2,(anonymous_0)
DA:1,9
LF:1
LH:1
BRF:0
BRH:0
end_of_record
TN:
SF:src/components/AdminsList.vue
FN:1,(anonymous_0)
FNF:1
FNH:1
FNDA:8,(anonymous_0)
DA:1,23
LF:1
LH:1
BRDA:1,0,0,2
BRDA:1,0,1,10
BRF:2
BRH:2
end_of_record
TN:
SF:src/components/Cart.vue
FN:1,(anonymous_0)
FNF:1
FNH:1
FNDA:5,(anonymous_0)
DA:1,12
LF:1
LH:1
BRDA:1,0,0,2
BRDA:1,0,1,2
BRF:2
BRH:2
end_of_record
TN:
SF:src/components/Catalog.vue
FN:1,(anonymous_0)
FNF:1
FNH:1
FNDA:9,(anonymous_0)
DA:1,24
LF:1
LH:1
BRDA:1,0,0,27
BRDA:1,0,1,3
BRF:2
BRH:2
end_of_record
TN:
SF:src/components/EditProduct.vue
FN:1,(anonymous_0)
FNF:1
FNH:1
FNDA:2,(anonymous_0)
DA:1,9
LF:1
LH:1
BRDA:1,0,0,1
BRDA:1,0,1,1
BRF:2
BRH:2
end_of_record
TN:
SF:src/components/Footer.vue
FN:19,(anonymous_0)
FN:1,(anonymous_1)
FNF:2
FNH:2
FNDA:1,(anonymous_0)
FNDA:5,(anonymous_1)
DA:1,13
DA:19,1
LF:2
LH:2
BRF:0
BRH:0
end_of_record
TN:
SF:src/components/Header.vue
FN:1,(anonymous_0)
FNF:1
FNH:1
FNDA:1,(anonymous_0)
DA:1,9
LF:1
LH:1
BRDA:1,0,0,2
BRDA:1,0,1,1
BRF:2
BRH:2
end_of_record
TN:
SF:src/components/LoginForm.vue
FN:1,(anonymous_0)
FNF:1
FNH:1
FNDA:1,(anonymous_0)
DA:1,6
LF:1
LH:1
BRDA:1,0,0,0
BRDA:1,0,1,2
BRF:2
BRH:1
end_of_record
TN:
SF:src/components/Product.vue
FN:1,(anonymous_0)
FNF:1
FNH:0
FNDA:0,(anonymous_0)
DA:1,3
LF:1
LH:1
BRDA:1,0,0,0
BRDA:1,0,1,0
BRF:2
BRH:0
end_of_record
TN:
SF:src/components/ProductsTable.vue
FN:1,(anonymous_0)
FNF:1
FNH:1
FNDA:20,(anonymous_0)
DA:1,35
LF:1
LH:1
BRF:0
BRH:0
end_of_record
TN:
SF:src/components/Profile.vue
FN:1,(anonymous_0)
FNF:1
FNH:1
FNDA:2,(anonymous_0)
DA:1,9
LF:1
LH:1
BRDA:1,0,0,1
BRDA:1,0,1,4
BRF:2
BRH:2
end_of_record
TN:
SF:src/components/RegistrationForm.vue
FN:1,(anonymous_0)
FNF:1
FNH:1
FNDA:1,(anonymous_0)
DA:1,6
LF:1
LH:1
BRDA:1,0,0,0
BRDA:1,0,1,0
BRF:2
BRH:0
end_of_record
TN:
SF:src/components/sharedComponents/AutocompleteAddress.vue
FN:1,(anonymous_0)
FNF:1
FNH:1
FNDA:1,(anonymous_0)
DA:1,9
LF:1
LH:1
BRDA:1,0,0,0
BRDA:1,0,1,1
BRF:2
BRH:1
end_of_record
TN:
SF:src/components/sharedComponents/AvatarUpload.vue
FN:22,(anonymous_0)
FN:37,(anonymous_1)
FN:40,(anonymous_2)
FN:1,(anonymous_3)
FNF:4
FNH:3
FNDA:3,(anonymous_0)
FNDA:1,(anonymous_1)
FNDA:0,(anonymous_2)
FNDA:3,(anonymous_3)
DA:1,15
DA:23,3
DA:38,1
DA:40,1
DA:41,0
DA:42,0
DA:45,1
LF:7
LH:5
BRDA:1,0,0,0
BRDA:1,0,1,3
BRF:2
BRH:1
end_of_record
TN:
SF:src/components/sharedComponents/DatePicker.vue
FN:41,(anonymous_0)
FN:52,(anonymous_1)
FN:1,(anonymous_2)
FNF:3
FNH:2
FNDA:1,(anonymous_0)
FNDA:0,(anonymous_1)
FNDA:1,(anonymous_2)
DA:1,9
DA:42,1
DA:53,0
DA:54,0
LF:4
LH:2
BRF:0
BRH:0
end_of_record
TN:
SF:src/components/sharedComponents/DialogAreYouSure.vue
FN:17,(anonymous_0)
FN:31,(anonymous_1)
FN:34,(anonymous_2)
FN:41,(anonymous_3)
FN:1,(anonymous_4)
FNF:5
FNH:5
FNDA:2,(anonymous_0)
FNDA:1,(anonymous_1)
FNDA:1,(anonymous_2)
FNDA:2,(anonymous_3)
FNDA:3,(anonymous_4)
DA:1,15
DA:18,2
DA:32,1
DA:34,1
DA:35,1
DA:42,2
LF:6
LH:6
BRDA:31,0,0,0
BRF:1
BRH:0
end_of_record
TN:
SF:src/components/sharedComponents/DialogModal.vue
FN:31,(anonymous_0)
FN:38,(anonymous_1)
FN:41,(anonymous_2)
FN:1,(anonymous_3)
FNF:4
FNH:2
FNDA:0,(anonymous_0)
FNDA:2,(anonymous_1)
FNDA:0,(anonymous_2)
FNDA:2,(anonymous_3)
DA:1,15
DA:32,0
DA:39,2
DA:42,0
LF:4
LH:2
BRF:0
BRH:0
end_of_record
TN:
SF:src/components/sharedComponents/FilterForm.vue
FN:1,(anonymous_0)
FNF:1
FNH:1
FNDA:7,(anonymous_0)
DA:1,20
LF:1
LH:1
BRF:0
BRH:0
end_of_record
TN:
SF:src/components/sharedComponents/NavBar.vue
FN:1,(anonymous_0)
FNF:1
FNH:1
FNDA:1,(anonymous_0)
DA:1,12
LF:1
LH:1
BRDA:1,0,0,1
BRDA:1,0,1,1
BRF:2
BRH:2
end_of_record
TN:
SF:src/components/sharedComponents/ProductForm.vue
FN:1,(anonymous_0)
FNF:1
FNH:1
FNDA:2,(anonymous_0)
DA:1,14
LF:1
LH:1
BRF:0
BRH:0
end_of_record
TN:
SF:src/components/sharedComponents/RadioButtonsGender.vue
FN:28,(anonymous_0)
FN:1,(anonymous_1)
FNF:2
FNH:2
FNDA:1,(anonymous_0)
FNDA:1,(anonymous_1)
DA:1,9
DA:29,1
LF:2
LH:2
BRF:0
BRH:0
end_of_record
TN:
SF:src/components/sharedComponents/SearchInput.vue
FN:1,(anonymous_0)
FNF:1
FNH:1
FNDA:6,(anonymous_0)
DA:1,21
LF:1
LH:1
BRF:0
BRH:0
end_of_record
TN:
SF:src/components/sharedComponents/UserMenu.vue
FN:1,(anonymous_0)
FNF:1
FNH:0
FNDA:0,(anonymous_0)
DA:1,6
LF:1
LH:1
BRF:0
BRH:0
end_of_record
